This is pdfTeX, Version 3.1415926-2.5-1.40.14 (TeX Live 2013) (format=pdflatex 2013.5.30)  17 DEC 2014 18:03
entering extended mode
 restricted \write18 enabled.
 file:line:error style messages enabled.
 %&-line parsing enabled.
**LILT.tex
(./LILT.tex
LaTeX2e <2011/06/27>
Babel <3.9f> and hyphenation patterns for 78 languages loaded.
(/usr/local/texlive/2013/texmf-dist/tex/latex/base/book.cls
Document Class: book 2007/10/19 v1.4h Standard LaTeX document class
(/usr/local/texlive/2013/texmf-dist/tex/latex/base/bk10.clo
File: bk10.clo 2007/10/19 v1.4h Standard LaTeX file (size option)
)
\c@part=\count79
\c@chapter=\count80
\c@section=\count81
\c@subsection=\count82
\c@subsubsection=\count83
\c@paragraph=\count84
\c@subparagraph=\count85
\c@figure=\count86
\c@table=\count87
\abovecaptionskip=\skip41
\belowcaptionskip=\skip42
\bibindent=\dimen102
) (./liltcsli.sty

LaTeX Warning: You have requested package `liltcsli',
               but the package provides `liltcsli-sub'.

Package: liltcsli-sub 2007/08/01 style macros Copyright CSLI Publications
(/usr/local/texlive/2013/texmf-dist/tex/latex/base/ifthen.sty
Package: ifthen 2001/05/26 v1.1c Standard LaTeX ifthen package (DPC)
)
\serifindent=\skip43
\c@csli@sizenew=\count88
\dateup=\skip44
\dateleft=\skip45
\dateright=\skip46
\psp@raise=\skip47
\psp@width=\skip48
\toc@vgap=\skip49
\toc@inset=\skip50
\toc@numwidth=\skip51
\toc@pagegap=\skip52
\toc@marginchap=\skip53
\toc@marginsec=\skip54
\toc@marginsubsec=\skip55
)
(/usr/local/texlive/2013/texmf-dist/tex/latex/natbib/natbib.sty
Package: natbib 2010/09/13 8.31b (PWD, AO)
\bibhang=\skip56
\bibsep=\skip57
LaTeX Info: Redefining \cite on input line 694.
\c@NAT@ctr=\count89
)
(/usr/local/texlive/2013/texmf-dist/tex/latex/cite/chapterbib.sty
\c@inputfile=\count90
Package: chapterbib 2010/09/18  v 1.17
)
(/usr/local/texlive/2013/texmf-dist/tex/latex/base/latexsym.sty
Package: latexsym 1998/08/17 v2.2e Standard LaTeX package (lasy symbols)
\symlasy=\mathgroup4
LaTeX Font Info:    Overwriting symbol font `lasy' in version `bold'
(Font)                  U/lasy/m/n --> U/lasy/b/n on input line 47.
)
(/usr/local/texlive/2013/texmf-dist/tex/latex/graphics/epsfig.sty
Package: epsfig 1999/02/16 v1.7a (e)psfig emulation (SPQR)

(/usr/local/texlive/2013/texmf-dist/tex/latex/graphics/graphicx.sty
Package: graphicx 1999/02/16 v1.0f Enhanced LaTeX Graphics (DPC,SPQR)

(/usr/local/texlive/2013/texmf-dist/tex/latex/graphics/keyval.sty
Package: keyval 1999/03/16 v1.13 key=value parser (DPC)
\KV@toks@=\toks14
)
(/usr/local/texlive/2013/texmf-dist/tex/latex/graphics/graphics.sty
Package: graphics 2009/02/05 v1.0o Standard LaTeX Graphics (DPC,SPQR)

(/usr/local/texlive/2013/texmf-dist/tex/latex/graphics/trig.sty
Package: trig 1999/03/16 v1.09 sin cos tan (DPC)
)
(/usr/local/texlive/2013/texmf-dist/tex/latex/latexconfig/graphics.cfg
File: graphics.cfg 2010/04/23 v1.9 graphics configuration of TeX Live
)
Package graphics Info: Driver file: pdftex.def on input line 91.

(/usr/local/texlive/2013/texmf-dist/tex/latex/pdftex-def/pdftex.def
File: pdftex.def 2011/05/27 v0.06d Graphics/color for pdfTeX

(/usr/local/texlive/2013/texmf-dist/tex/generic/oberdiek/infwarerr.sty
Package: infwarerr 2010/04/08 v1.3 Providing info/warning/error messages (HO)
)
(/usr/local/texlive/2013/texmf-dist/tex/generic/oberdiek/ltxcmds.sty
Package: ltxcmds 2011/11/09 v1.22 LaTeX kernel commands for general use (HO)
)
\Gread@gobject=\count91
))
\Gin@req@height=\dimen103
\Gin@req@width=\dimen104
)
\epsfxsize=\dimen105
\epsfysize=\dimen106
)
(/usr/local/texlive/2013/texmf-dist/tex/latex/base/inputenc.sty
Package: inputenc 2008/03/30 v1.1d Input encoding file
\inpenc@prehook=\toks15
\inpenc@posthook=\toks16

(/usr/local/texlive/2013/texmf-dist/tex/latex/base/latin1.def
File: latin1.def 2008/03/30 v1.1d Input encoding file
))
(/usr/local/texlive/2013/texmf-dist/tex/latex/base/fontenc.sty
Package: fontenc 2005/09/27 v1.99g Standard LaTeX package

(/usr/local/texlive/2013/texmf-dist/tex/latex/base/t1enc.def
File: t1enc.def 2005/09/27 v1.99g Standard LaTeX file
LaTeX Font Info:    Redeclaring font encoding T1 on input line 43.
))
(/usr/local/texlive/2013/texmf-dist/tex/generic/babel/babel.sty
Package: babel 2013/05/16 v3.9f The Babel package

(/usr/local/texlive/2013/texmf-dist/tex/generic/babel-english/english.ldf
Language: english 2012/08/20 v3.3p English support from the babel system

(/usr/local/texlive/2013/texmf-dist/tex/generic/babel/babel.def
File: babel.def 2013/05/16 v3.9f Babel common definitions
\babel@savecnt=\count92
\U@D=\dimen107
)
\l@canadian = a dialect from \language\l@american 
\l@australian = a dialect from \language\l@british 
\l@newzealand = a dialect from \language\l@british 
)) (./gb4e.sty
(./cgloss4e.sty
\lineone=\box26
\linetwo=\box27
\linethree=\box28
\wordone=\box29
\wordtwo=\box30
\wordthree=\box31
\gline=\box32
\glossglue=\skip58
)
\c@fnx=\count93
\@xnumdepth=\count94
\c@xnumi=\count95
\c@xnumii=\count96
\c@xnumiii=\count97
\c@xnumiv=\count98
\c@exx=\count99
\c@rxnumi=\count100
\c@rxnumii=\count101
\c@rxnumiii=\count102
\c@rxnumiv=\count103
\lcommentsep=\skip59
)
(/usr/local/texlive/2013/texmf-dist/tex/latex/amsfonts/amsfonts.sty
Package: amsfonts 2013/01/14 v3.01 Basic AMSFonts support
\@emptytoks=\toks17
\symAMSa=\mathgroup5
\symAMSb=\mathgroup6
LaTeX Font Info:    Overwriting math alphabet `\mathfrak' in version `bold'
(Font)                  U/euf/m/n --> U/euf/b/n on input line 106.
)
(./LILT.aux)
\openout1 = `LILT.aux'.

LaTeX Font Info:    Checking defaults for OML/cmm/m/it on input line 43.
LaTeX Font Info:    ... okay on input line 43.
LaTeX Font Info:    Checking defaults for T1/cmr/m/n on input line 43.
LaTeX Font Info:    ... okay on input line 43.
LaTeX Font Info:    Checking defaults for OT1/cmr/m/n on input line 43.
LaTeX Font Info:    ... okay on input line 43.
LaTeX Font Info:    Checking defaults for OMS/cmsy/m/n on input line 43.
LaTeX Font Info:    ... okay on input line 43.
LaTeX Font Info:    Checking defaults for OMX/cmex/m/n on input line 43.
LaTeX Font Info:    ... okay on input line 43.
LaTeX Font Info:    Checking defaults for U/cmr/m/n on input line 43.
LaTeX Font Info:    ... okay on input line 43.
\csli@copyrightBox=\box33
LaTeX Font Info:    Try loading font information for OMS+cmr on input line 43.
 (/usr/local/texlive/2013/texmf-dist/tex/latex/base/omscmr.fd
File: omscmr.fd 1999/05/25 v2.5h Standard LaTeX font definitions
)
LaTeX Font Info:    Font shape `OMS/cmr/m/n' in size <7> not available
(Font)              Font shape `OMS/cmsy/m/n' tried instead on input line 43.
\csli@copyrightHeight=\skip60

[1

{/usr/local/texlive/2013/texmf-var/fonts/map/pdftex/updmap/pdftex.map}]
[2]
Seems to be a collected volume (says liltcsli.sty).
Chapter 1.
(/usr/local/texlive/2013/texmf-dist/tex/context/base/supp-pdf.mkii
[Loading MPS to PDF converter (version 2006.09.02).]
\scratchcounter=\count104
\scratchdimen=\dimen108
\scratchbox=\box34
\nofMPsegments=\count105
\nofMParguments=\count106
\everyMPshowfont=\toks18
\MPscratchCnt=\count107
\MPscratchDim=\dimen109
\MPnumerator=\count108
\makeMPintoPDFobject=\count109
\everyMPtoPDFconversion=\toks19
) (/usr/local/texlive/2013/texmf-dist/tex/generic/oberdiek/pdftexcmds.sty
Package: pdftexcmds 2011/11/29 v0.20 Utility functions of pdfTeX for LuaTeX (HO
)

(/usr/local/texlive/2013/texmf-dist/tex/generic/oberdiek/ifluatex.sty
Package: ifluatex 2010/03/01 v1.3 Provides the ifluatex switch (HO)
Package ifluatex Info: LuaTeX not detected.
)
(/usr/local/texlive/2013/texmf-dist/tex/generic/oberdiek/ifpdf.sty
Package: ifpdf 2011/01/30 v2.3 Provides the ifpdf switch (HO)
Package ifpdf Info: pdfTeX in PDF mode is detected.
)
Package pdftexcmds Info: LuaTeX not detected.
Package pdftexcmds Info: \pdf@primitive is available.
Package pdftexcmds Info: \pdf@ifprimitive is available.
Package pdftexcmds Info: \pdfdraftmode found.
)
(/usr/local/texlive/2013/texmf-dist/tex/latex/oberdiek/epstopdf-base.sty
Package: epstopdf-base 2010/02/09 v2.5 Base part for package epstopdf

(/usr/local/texlive/2013/texmf-dist/tex/latex/oberdiek/grfext.sty
Package: grfext 2010/08/19 v1.1 Manage graphics extensions (HO)

(/usr/local/texlive/2013/texmf-dist/tex/generic/oberdiek/kvdefinekeys.sty
Package: kvdefinekeys 2011/04/07 v1.3 Define keys (HO)
))
(/usr/local/texlive/2013/texmf-dist/tex/latex/oberdiek/kvoptions.sty
Package: kvoptions 2011/06/30 v3.11 Key value format for package options (HO)

(/usr/local/texlive/2013/texmf-dist/tex/generic/oberdiek/kvsetkeys.sty
Package: kvsetkeys 2012/04/25 v1.16 Key value parser (HO)

(/usr/local/texlive/2013/texmf-dist/tex/generic/oberdiek/etexcmds.sty
Package: etexcmds 2011/02/16 v1.5 Avoid name clashes with e-TeX commands (HO)
Package etexcmds Info: Could not find \expanded.
(etexcmds)             That can mean that you are not using pdfTeX 1.50 or
(etexcmds)             that some package has redefined \expanded.
(etexcmds)             In the latter case, load this package earlier.
)))
Package grfext Info: Graphics extension search list:
(grfext)             [.png,.pdf,.jpg,.mps,.jpeg,.jbig2,.jb2,.PNG,.PDF,.JPG,.JPE
G,.JBIG2,.JB2,.eps]
(grfext)             \AppendGraphicsExtensions on input line 452.

(/usr/local/texlive/2013/texmf-dist/tex/latex/latexconfig/epstopdf-sys.cfg
File: epstopdf-sys.cfg 2010/07/13 v1.3 Configuration of (r)epstopdf for TeX Liv
e
))
[1

]
Underfull \vbox (badness 10000) has occurred while \output is active []

 [2

]
[3]
LaTeX Font Info:    Try loading font information for U+lasy on input line 89.
 (/usr/local/texlive/2013/texmf-dist/tex/latex/base/ulasy.fd
File: ulasy.fd 1998/08/17 v2.2e LaTeX symbol font definitions
)
LaTeX Font Info:    Try loading font information for U+msa on input line 89.

(/usr/local/texlive/2013/texmf-dist/tex/latex/amsfonts/umsa.fd
File: umsa.fd 2013/01/14 v3.01 AMS symbols A
)
LaTeX Font Info:    Try loading font information for U+msb on input line 89.

(/usr/local/texlive/2013/texmf-dist/tex/latex/amsfonts/umsb.fd
File: umsb.fd 2013/01/14 v3.01 AMS symbols B
) [4] [5]
[6] [7] <../Analyses/figure1.pdf, id=52, 722.7pt x 433.62pt>
File: ../Analyses/figure1.pdf Graphic file (type pdf)

<use ../Analyses/figure1.pdf>
Package pdftex.def Info: ../Analyses/figure1.pdf used on input line 142.
(pdftex.def)             Requested size: 722.69823pt x 433.61894pt.

Overfull \hbox (18.0645pt too wide) in paragraph at lines 142--144
[][] 
 []

[8 <../Analyses/figure1.pdf>] [9]
<../Analyses/figure3.pdf, id=65, 433.62pt x 289.08pt>
File: ../Analyses/figure3.pdf Graphic file (type pdf)

<use ../Analyses/figure3.pdf>
Package pdftex.def Info: ../Analyses/figure3.pdf used on input line 165.
(pdftex.def)             Requested size: 433.61894pt x 289.07928pt.
 [10 <../Analyses/figure3.pdf>]
<../Analyses/amateur-concreteness.pdf, id=74, 578.16pt x 433.62pt>
File: ../Analyses/amateur-concreteness.pdf Graphic file (type pdf)

<use ../Analyses/amateur-concreteness.pdf>
Package pdftex.def Info: ../Analyses/amateur-concreteness.pdf used on input lin
e 201.
(pdftex.def)             Requested size: 578.15858pt x 433.61894pt.

<../Analyses/amateur-emot.pdf, id=75, 578.16pt x 433.62pt>
File: ../Analyses/amateur-emot.pdf Graphic file (type pdf)

<use ../Analyses/amateur-emot.pdf>
Package pdftex.def Info: ../Analyses/amateur-emot.pdf used on input line 204.
(pdftex.def)             Requested size: 578.15858pt x 433.61894pt.

Overfull \hbox (41.97284pt too wide) in paragraph at lines 201--207
[][] [] 
 []

<../Analyses/amateur-sound.pdf, id=76, 578.16pt x 433.62pt>
File: ../Analyses/amateur-sound.pdf Graphic file (type pdf)

<use ../Analyses/amateur-sound.pdf>
Package pdftex.def Info: ../Analyses/amateur-sound.pdf used on input line 209.
(pdftex.def)             Requested size: 578.15858pt x 433.61894pt.

Underfull \vbox (badness 10000) has occurred while \output is active []

 [11]
[12 <../Analyses/amateur-concreteness.pdf> <../Analyses/amateur-emot.pdf> <../A
nalyses/amateur-sound.pdf>]
Underfull \vbox (badness 5175) has occurred while \output is active []

 [13]
[14]
Underfull \vbox (badness 10000) has occurred while \output is active []

 [15]
(./LILT.bbl [16]
Underfull \hbox (badness 5161) in paragraph at lines 72--76
[]\T1/cmr/m/n/9 Davies, M. (2011).  Word fre-quency data from the Cor-pus of
 []


Underfull \hbox (badness 10000) in paragraph at lines 72--76
\T1/cmr/m/n/9 Con-tem-po-rary Amer-i-can En-glish (COCA).  Down-loaded from
 []

) [17] (./LILT.aux) ) 
Here is how much of TeX's memory you used:
 3178 strings out of 493315
 42381 string characters out of 6137904
 111331 words of memory out of 5000000
 6550 multiletter control sequences out of 15000+600000
 20006 words of font info for 45 fonts, out of 8000000 for 9000
 957 hyphenation exceptions out of 8191
 38i,9n,25p,1892b,403s stack positions out of 5000i,500n,10000p,200000b,80000s
{/usr/local/texlive/2013/texmf-dist/fonts/enc/dvips/cm-sup
er/cm-super-t1.enc}</usr/local/texlive/2013/texmf-dist/fonts/type1/public/amsfo
nts/cm/cmmi10.pfb></usr/local/texlive/2013/texmf-dist/fonts/type1/public/amsfon
ts/cm/cmr10.pfb></usr/local/texlive/2013/texmf-dist/fonts/type1/public/amsfonts
/cm/cmsy10.pfb></usr/local/texlive/2013/texmf-dist/fonts/type1/public/amsfonts/
cm/cmsy7.pfb></usr/local/texlive/2013/texmf-dist/fonts/type1/public/cm-super/sf
bx0700.pfb></usr/local/texlive/2013/texmf-dist/fonts/type1/public/cm-super/sfbx
1000.pfb></usr/local/texlive/2013/texmf-dist/fonts/type1/public/cm-super/sfbx10
95.pfb></usr/local/texlive/2013/texmf-dist/fonts/type1/public/cm-super/sfbx1200
.pfb></usr/local/texlive/2013/texmf-dist/fonts/type1/public/cm-super/sfbx1440.p
fb></usr/local/texlive/2013/texmf-dist/fonts/type1/public/cm-super/sfbx1728.pfb
></usr/local/texlive/2013/texmf-dist/fonts/type1/public/cm-super/sfcc0900.pfb><
/usr/local/texlive/2013/texmf-dist/fonts/type1/public/cm-super/sfcc1000.pfb></u
sr/local/texlive/2013/texmf-dist/fonts/type1/public/cm-super/sfrm0700.pfb></usr
/local/texlive/2013/texmf-dist/fonts/type1/public/cm-super/sfrm0800.pfb></usr/l
ocal/texlive/2013/texmf-dist/fonts/type1/public/cm-super/sfrm0900.pfb></usr/loc
al/texlive/2013/texmf-dist/fonts/type1/public/cm-super/sfrm1000.pfb></usr/local
/texlive/2013/texmf-dist/fonts/type1/public/cm-super/sfrm1200.pfb></usr/local/t
exlive/2013/texmf-dist/fonts/type1/public/cm-super/sfrm1440.pfb></usr/local/tex
live/2013/texmf-dist/fonts/type1/public/cm-super/sfti0700.pfb></usr/local/texli
ve/2013/texmf-dist/fonts/type1/public/cm-super/sfti0900.pfb></usr/local/texlive
/2013/texmf-dist/fonts/type1/public/cm-super/sfti1000.pfb></usr/local/texlive/2
013/texmf-dist/fonts/type1/public/cm-super/sfxc0900.pfb>
Output written on LILT.pdf (19 pages, 426704 bytes).
PDF statistics:
 190 PDF objects out of 1000 (max. 8388607)
 135 compressed objects within 2 object streams
 0 named destinations out of 1000 (max. 500000)
 26 words of extra memory for PDF output out of 10000 (max. 10000000)

